<?xml version="1.0" encoding="UTF-8"?>
<!-- Generated by org.testng.reporters.JUnitXMLReporter -->
<testsuite ignored="0" hostname="DESKTOP-1JBSF4H" failures="1" tests="4" name="Test" time="59.677" errors="0" timestamp="2024-08-07T11:09:24 IST">
  <testcase classname="Listners.Project" name="fill_quote_Form_withvalid" time="5.834"/>
  <testcase classname="Listners.Project" name="fill_quote_Form_with_blank_values" time="0.134"/>
  <testcase classname="Listners.Project" name="fill_quote_Form_with_invalid_mail_format" time="3.434">
    <failure type="java.lang.AssertionError" message="null">
      <![CDATA[java.lang.AssertionError: null
at Listners.Project.fill_quote_Form_with_invalid_mail_format(Project.java:126)
at java.base/java.util.ArrayList.forEach(ArrayList.java:1597)
... Removed 27 stack frames]]>
    </failure>
  </testcase> <!-- fill_quote_Form_with_invalid_mail_format -->
  <testcase classname="Listners.Project" name="Button_enalable_check" time="0.0">
    <skipped/>
  </testcase> <!-- Button_enalable_check -->
</testsuite> <!-- Test -->
