<?xml version="1.0" encoding="UTF-8"?>
<testng-results ignored="0" total="1" passed="1" failed="0" skipped="0">
  <reporter-output>
  </reporter-output>
  <suite started-at="2024-08-08T14:02:34 IST" name="Default suite" finished-at="2024-08-08T14:02:53 IST" duration-ms="19243">
    <groups>
    </groups>
    <test started-at="2024-08-08T14:02:34 IST" name="Default test" finished-at="2024-08-08T14:02:53 IST" duration-ms="19243">
      <class name="page_object.dataandmethod">
        <test-method is-config="true" signature="setup()[pri:0, instance:page_object.dataandmethod@1aa7ecca]" started-at="2024-08-08T14:02:34 IST" name="setup" finished-at="2024-08-08T14:02:45 IST" duration-ms="10933" status="PASS">
          <reporter-output>
          </reporter-output>
        </test-method> <!-- setup -->
        <test-method signature="test()[pri:0, instance:page_object.dataandmethod@1aa7ecca]" started-at="2024-08-08T14:02:45 IST" name="test" finished-at="2024-08-08T14:02:53 IST" duration-ms="8257" status="PASS">
          <reporter-output>
          </reporter-output>
        </test-method> <!-- test -->
      </class> <!-- page_object.dataandmethod -->
    </test> <!-- Default test -->
  </suite> <!-- Default suite -->
</testng-results>
